Loaded dependency [python3/3.10.13]: sqlite3/3.45.1
Loaded dependency [python3/3.10.13]: gcc/12.3.0-binutils-2.40
Loaded module: python3/3.10.13

Loading python3/3.10.13
  Loading requirement: sqlite3/3.45.1 gcc/12.3.0-binutils-2.40
Defaulting to user installation because normal site-packages is not writeable
Requirement already satisfied: torch in /zhome/00/b/147112/.local/lib/python3.10/site-packages (2.3.0)
Requirement already satisfied: typing-extensions>=4.8.0 in /zhome/00/b/147112/.local/lib/python3.10/site-packages (from torch) (4.11.0)
Requirement already satisfied: sympy in /zhome/00/b/147112/.local/lib/python3.10/site-packages (from torch) (1.12)
Requirement already satisfied: nvidia-cuda-runtime-cu12==12.1.105 in /zhome/00/b/147112/.local/lib/python3.10/site-packages (from torch) (12.1.105)
Requirement already satisfied: nvidia-cuda-cupti-cu12==12.1.105 in /zhome/00/b/147112/.local/lib/python3.10/site-packages (from torch) (12.1.105)
Requirement already satisfied: nvidia-cuda-nvrtc-cu12==12.1.105 in /zhome/00/b/147112/.local/lib/python3.10/site-packages (from torch) (12.1.105)
Requirement already satisfied: nvidia-cublas-cu12==12.1.3.1 in /zhome/00/b/147112/.local/lib/python3.10/site-packages (from torch) (12.1.3.1)
Requirement already satisfied: nvidia-cufft-cu12==11.0.2.54 in /zhome/00/b/147112/.local/lib/python3.10/site-packages (from torch) (11.0.2.54)
Requirement already satisfied: fsspec in /zhome/00/b/147112/.local/lib/python3.10/site-packages (from torch) (2024.3.1)
Requirement already satisfied: nvidia-cusparse-cu12==12.1.0.106 in /zhome/00/b/147112/.local/lib/python3.10/site-packages (from torch) (12.1.0.106)
Requirement already satisfied: nvidia-nccl-cu12==2.20.5 in /zhome/00/b/147112/.local/lib/python3.10/site-packages (from torch) (2.20.5)
Requirement already satisfied: nvidia-nvtx-cu12==12.1.105 in /zhome/00/b/147112/.local/lib/python3.10/site-packages (from torch) (12.1.105)
Requirement already satisfied: triton==2.3.0 in /zhome/00/b/147112/.local/lib/python3.10/site-packages (from torch) (2.3.0)
Requirement already satisfied: filelock in /appl9/python/3.10.13/lib/python3.10/site-packages (from torch) (3.13.1)
Requirement already satisfied: nvidia-curand-cu12==10.3.2.106 in /zhome/00/b/147112/.local/lib/python3.10/site-packages (from torch) (10.3.2.106)
Requirement already satisfied: networkx in /zhome/00/b/147112/.local/lib/python3.10/site-packages (from torch) (3.3)
Requirement already satisfied: jinja2 in /zhome/00/b/147112/.local/lib/python3.10/site-packages (from torch) (3.1.3)
Requirement already satisfied: nvidia-cudnn-cu12==8.9.2.26 in /zhome/00/b/147112/.local/lib/python3.10/site-packages (from torch) (8.9.2.26)
Requirement already satisfied: nvidia-cusolver-cu12==11.4.5.107 in /zhome/00/b/147112/.local/lib/python3.10/site-packages (from torch) (11.4.5.107)
Requirement already satisfied: nvidia-nvjitlink-cu12 in /zhome/00/b/147112/.local/lib/python3.10/site-packages (from nvidia-cusolver-cu12==11.4.5.107->torch) (12.4.127)
Requirement already satisfied: MarkupSafe>=2.0 in /zhome/00/b/147112/.local/lib/python3.10/site-packages (from jinja2->torch) (2.1.5)
Requirement already satisfied: mpmath>=0.19 in /zhome/00/b/147112/.local/lib/python3.10/site-packages (from sympy->torch) (1.3.0)

[notice] A new release of pip is available: 23.0.1 -> 24.0
[notice] To update, run: pip3 install --upgrade pip
Defaulting to user installation because normal site-packages is not writeable
Requirement already satisfied: tqdm in /zhome/00/b/147112/.local/lib/python3.10/site-packages (4.66.2)

[notice] A new release of pip is available: 23.0.1 -> 24.0
[notice] To update, run: pip3 install --upgrade pip
Defaulting to user installation because normal site-packages is not writeable
Requirement already satisfied: scipy in /zhome/00/b/147112/.local/lib/python3.10/site-packages (1.13.0)
Requirement already satisfied: numpy<2.3,>=1.22.4 in /zhome/00/b/147112/.local/lib/python3.10/site-packages (from scipy) (1.26.4)

[notice] A new release of pip is available: 23.0.1 -> 24.0
[notice] To update, run: pip3 install --upgrade pip
  0%|          | 0/10000 [00:00<?, ?it/s]epoch 0 | loss: 2.4814:   0%|          | 0/10000 [00:00<?, ?it/s]epoch 0 | loss: 2.4814:   0%|          | 1/10000 [00:01<4:15:23,  1.53s/it]epoch 0 | loss: 2.4814:   0%|          | 2/10000 [00:02<3:25:27,  1.23s/it]epoch 0 | loss: 2.4814:   0%|          | 3/10000 [00:03<3:07:57,  1.13s/it]epoch 0 | loss: 2.4814:   0%|          | 4/10000 [00:04<2:59:22,  1.08s/it]epoch 0 | loss: 2.4814:   0%|          | 4/10000 [00:05<3:51:25,  1.39s/it]
Traceback (most recent call last):
  File "/zhome/00/b/147112/SC_assignment02/exercise05/main.py", line 44, in <module>
    loss = model.train(N_EPOCHS)
  File "/zhome/00/b/147112/SC_assignment02/exercise05/odesolver.py", line 98, in train
    loss.backward(retain_graph=True)
  File "/zhome/00/b/147112/.local/lib/python3.10/site-packages/torch/_tensor.py", line 525, in backward
    torch.autograd.backward(
  File "/zhome/00/b/147112/.local/lib/python3.10/site-packages/torch/autograd/__init__.py", line 267, in backward
    _engine_run_backward(
  File "/zhome/00/b/147112/.local/lib/python3.10/site-packages/torch/autograd/graph.py", line 744, in _engine_run_backward
    return Variable._execution_engine.run_backward(  # Calls into the C++ engine to run the backward pass
KeyboardInterrupt

------------------------------------------------------------
Sender: LSF System <lsfadmin@hpc.dtu.dk>
Subject: Job 21653475: <pythonSC> in cluster <dcc> Exited

Job <pythonSC> was submitted from host <n-62-11-47> by user <s194146> in cluster <dcc> at Mon Apr 29 20:27:09 2024
Job was executed on host(s) <32*n-62-12-88>, in queue <gpuh100>, as user <s194146> in cluster <dcc> at Mon Apr 29 20:27:11 2024
</zhome/00/b/147112> was used as the home directory.
</zhome/00/b/147112/SC_assignment02/exercise05> was used as the working directory.
Started at Mon Apr 29 20:27:11 2024
Terminated at Mon Apr 29 20:27:43 2024
Results reported at Mon Apr 29 20:27:43 2024

Your job looked like:

------------------------------------------------------------
# LSBATCH: User input
#BSUB -J pythonSC # name
#BSUB -o pythonSC_%J.out # output file
#BSUB -q gpuh100
#BSUB -n 32 ## cores
#BSUB -R "rusage[mem=1GB]" 
#BSUB -W 500 # useable time in minutes
##BSUB -N # send mail when done
#BSUB -R "span[hosts=1]"


module load python3/3.10.13
pip3 install torch
pip3 install tqdm
pip3 install scipy

python3 main.py 1
python3 main.py 2
python3 main.py 3
------------------------------------------------------------

TERM_OWNER: job killed by owner.
Exited with exit code 130.

Resource usage summary:

    CPU time :                                   11.34 sec.
    Max Memory :                                 1450 MB
    Average Memory :                             986.00 MB
    Total Requested Memory :                     32768.00 MB
    Delta Memory :                               31318.00 MB
    Max Swap :                                   -
    Max Processes :                              4
    Max Threads :                                9
    Run time :                                   57 sec.
    Turnaround time :                            34 sec.

The output (if any) is above this job summary.

